  PacmanProject.cpp
C:\Users\Adam\source\repos\PacmanProject\PacmanProject\PacmanProject.cpp(126,60): warning C4244: 'argument': conversion from 'int' to 'float', possible loss of data
C:\Users\Adam\source\repos\PacmanProject\PacmanProject\PacmanProject.cpp(126,57): warning C4244: 'argument': conversion from 'int' to 'float', possible loss of data
C:\Users\Adam\source\repos\PacmanProject\PacmanProject\PacmanProject.cpp(140,15): warning C4244: 'argument': conversion from 'time_t' to 'unsigned int', possible loss of data
C:\Users\Adam\source\repos\PacmanProject\PacmanProject\PacmanProject.cpp(162,51): warning C4244: 'argument': conversion from 'T' to 'float', possible loss of data
          with
          [
              T=unsigned int
          ]
C:\Users\Adam\source\repos\PacmanProject\PacmanProject\PacmanProject.cpp(162,31): warning C4244: 'argument': conversion from 'T' to 'float', possible loss of data
          with
          [
              T=unsigned int
          ]
C:\Users\Adam\source\repos\PacmanProject\PacmanProject\PacmanProject.cpp(163,57): warning C4244: 'argument': conversion from 'T' to 'float', possible loss of data
          with
          [
              T=unsigned int
          ]
C:\Users\Adam\source\repos\PacmanProject\PacmanProject\PacmanProject.cpp(163,37): warning C4244: 'argument': conversion from 'T' to 'float', possible loss of data
          with
          [
              T=unsigned int
          ]
C:\Users\Adam\source\repos\PacmanProject\PacmanProject\PacmanProject.cpp(164,65): warning C4244: 'argument': conversion from 'T' to 'float', possible loss of data
          with
          [
              T=unsigned int
          ]
C:\Users\Adam\source\repos\PacmanProject\PacmanProject\PacmanProject.cpp(164,45): warning C4244: 'argument': conversion from 'T' to 'float', possible loss of data
          with
          [
              T=unsigned int
          ]
C:\Users\Adam\source\repos\PacmanProject\PacmanProject\PacmanProject.cpp(165,61): warning C4244: 'argument': conversion from 'T' to 'float', possible loss of data
          with
          [
              T=unsigned int
          ]
C:\Users\Adam\source\repos\PacmanProject\PacmanProject\PacmanProject.cpp(165,41): warning C4244: 'argument': conversion from 'T' to 'float', possible loss of data
          with
          [
              T=unsigned int
          ]
  Generating code
  0 of 367 functions ( 0.0%) were compiled, the rest were copied from previous compilation.
    0 functions were new in current compilation
    0 functions had inline decision re-evaluated but remain unchanged
  Finished generating code
  PacmanProject.vcxproj -> C:\Users\Adam\source\repos\PacmanProject\x64\Release\PacmanProject.exe
